[14:22:23] [ServerMain/INFO]: Environment: Environment[sessionHost=https://sessionserver.mojang.com, servicesHost=https://api.minecraftservices.com, name=PROD]
[14:22:24] [ServerMain/INFO]: Found new data pack file/bukkit, loading it automatically
[14:22:25] [ServerMain/INFO]: No existing world data, creating new world
[14:22:27] [ServerMain/INFO]: Loaded 1290 recipes
[14:22:29] [Server thread/INFO]: Starting minecraft server version 1.21
[14:22:29] [Server thread/INFO]: Loading properties
[14:22:29] [Server thread/INFO]: This server is running CraftBukkit version 4226-Spigot-146439e-2889b3a (MC: 1.21) (Implementing API version 1.21-R0.1-SNAPSHOT)
[14:22:30] [Server thread/INFO]: Debug logging is disabled
[14:22:30] [Server thread/INFO]: Server Ping Player Sample Count: 12
[14:22:30] [Server thread/INFO]: Using 4 threads for Netty based IO
[14:22:30] [Server thread/INFO]: Default game type: SURVIVAL
[14:22:30] [Server thread/INFO]: Generating keypair
[14:22:31] [Server thread/INFO]: Starting Minecraft server on 192.168.3.58:25565
[14:22:31] [Server thread/INFO]: Using default channel type
[14:22:32] [Server thread/INFO]: [SkinsRestorer] Loading SkinsRestorer v15.0.15
[14:22:32] [Server thread/INFO]: [Harbor] Loading Harbor v1.6.3
[14:22:32] [Server thread/INFO]: [Geyser-Spigot] Loading Geyser-Spigot v2.4.0-SNAPSHOT
[14:22:37] [Server thread/INFO]: [Geyser-Spigot] Carregando extensões...
[14:22:37] [Server thread/INFO]: [Geyser-Spigot] 0 extensão(ões) carregada
[14:22:37] [Server thread/INFO]: [SkinsRestorer] Enabling SkinsRestorer v15.0.15
[14:22:40] [Server thread/INFO]: [33;1m[[32;22mSkinsRestorer[33;1m] [0;39m[32;1mRunning on Minecraft [33;1m1.21[32;1m.[0;39m[m
[14:22:41] [Server thread/WARN]: **** SERVER IS RUNNING IN OFFLINE/INSECURE MODE!
[14:22:41] [Server thread/WARN]: The server will make no attempt to authenticate usernames. Beware.
[14:22:41] [Server thread/WARN]: While this makes the game possible to play without internet access, it also opens up the ability for hackers to connect with any username they choose.
[14:22:41] [Server thread/WARN]: To change this, set "online-mode" to "true" in the server.properties file.
[14:22:41] [Server thread/INFO]: Preparing level "world"
[14:22:41] [Server thread/INFO]: -------- World Settings For [world] --------
[14:22:41] [Server thread/INFO]: Arrow Despawn Rate: 1200 Trident Respawn Rate:1200
[14:22:41] [Server thread/INFO]: Allow Zombie Pigmen to spawn from portal blocks: true
[14:22:41] [Server thread/INFO]: Entity Activation Range: An 32 / Mo 32 / Ra 48 / Mi 16 / Tiv true / Isa false
[14:22:41] [Server thread/INFO]: Item Merge Radius: 2.5
[14:22:41] [Server thread/INFO]: Item Despawn Rate: 6000
[14:22:41] [Server thread/INFO]: View Distance: 10
[14:22:41] [Server thread/INFO]: Simulation Distance: 10
[14:22:41] [Server thread/INFO]: Cactus Growth Modifier: 100%
[14:22:41] [Server thread/INFO]: Cane Growth Modifier: 100%
[14:22:41] [Server thread/INFO]: Melon Growth Modifier: 100%
[14:22:41] [Server thread/INFO]: Mushroom Growth Modifier: 100%
[14:22:41] [Server thread/INFO]: Pumpkin Growth Modifier: 100%
[14:22:41] [Server thread/INFO]: Sapling Growth Modifier: 100%
[14:22:41] [Server thread/INFO]: Beetroot Growth Modifier: 100%
[14:22:41] [Server thread/INFO]: Carrot Growth Modifier: 100%
[14:22:41] [Server thread/INFO]: Potato Growth Modifier: 100%
[14:22:41] [Server thread/INFO]: Wheat Growth Modifier: 100%
[14:22:41] [Server thread/INFO]: NetherWart Growth Modifier: 100%
[14:22:41] [Server thread/INFO]: Vine Growth Modifier: 100%
[14:22:41] [Server thread/INFO]: Cocoa Growth Modifier: 100%
[14:22:41] [Server thread/INFO]: Bamboo Growth Modifier: 100%
[14:22:41] [Server thread/INFO]: SweetBerry Growth Modifier: 100%
[14:22:41] [Server thread/INFO]: Kelp Growth Modifier: 100%
[14:22:41] [Server thread/INFO]: TwistingVines Growth Modifier: 100%
[14:22:41] [Server thread/INFO]: WeepingVines Growth Modifier: 100%
[14:22:41] [Server thread/INFO]: CaveVines Growth Modifier: 100%
[14:22:41] [Server thread/INFO]: Mob Spawn Range: 6
[14:22:41] [Server thread/INFO]: Zombie Aggressive Towards Villager: true
[14:22:41] [Server thread/INFO]: Experience Merge Radius: 3.0
[14:22:41] [Server thread/INFO]: Hopper Transfer: 8 Hopper Check: 1 Hopper Amount: 1 Hopper Can Load Chunks: false
[14:22:41] [Server thread/INFO]: Custom Map Seeds:  Village: 10387312 Desert: 14357617 Igloo: 14357618 Jungle: 14357619 Swamp: 14357620 Monument: 10387313 Ocean: 14357621 Shipwreck: 165745295 End City: 10387313 Slime: 987234911 Nether: 30084232 Mansion: 10387319 Fossil: 14357921 Portal: 34222645
[14:22:41] [Server thread/INFO]: Max TNT Explosions: 100
[14:22:41] [Server thread/INFO]: Tile Max Tick Time: 50ms Entity max Tick Time: 50ms
[14:22:41] [Server thread/INFO]: Entity Tracking Range: Pl 48 / An 48 / Mo 48 / Mi 32 / Di 128 / Other 64
[14:22:41] [Server thread/INFO]: Nerfing mobs spawned from spawners: false
[14:22:53] [Server thread/INFO]: -------- World Settings For [world_nether] --------
[14:22:53] [Server thread/INFO]: Arrow Despawn Rate: 1200 Trident Respawn Rate:1200
[14:22:53] [Server thread/INFO]: Allow Zombie Pigmen to spawn from portal blocks: true
[14:22:53] [Server thread/INFO]: Entity Activation Range: An 32 / Mo 32 / Ra 48 / Mi 16 / Tiv true / Isa false
[14:22:53] [Server thread/INFO]: Item Merge Radius: 2.5
[14:22:53] [Server thread/INFO]: Item Despawn Rate: 6000
[14:22:53] [Server thread/INFO]: View Distance: 10
[14:22:53] [Server thread/INFO]: Simulation Distance: 10
[14:22:53] [Server thread/INFO]: Cactus Growth Modifier: 100%
[14:22:53] [Server thread/INFO]: Cane Growth Modifier: 100%
[14:22:53] [Server thread/INFO]: Melon Growth Modifier: 100%
[14:22:53] [Server thread/INFO]: Mushroom Growth Modifier: 100%
[14:22:53] [Server thread/INFO]: Pumpkin Growth Modifier: 100%
[14:22:53] [Server thread/INFO]: Sapling Growth Modifier: 100%
[14:22:53] [Server thread/INFO]: Beetroot Growth Modifier: 100%
[14:22:53] [Server thread/INFO]: Carrot Growth Modifier: 100%
[14:22:53] [Server thread/INFO]: Potato Growth Modifier: 100%
[14:22:53] [Server thread/INFO]: Wheat Growth Modifier: 100%
[14:22:53] [Server thread/INFO]: NetherWart Growth Modifier: 100%
[14:22:53] [Server thread/INFO]: Vine Growth Modifier: 100%
[14:22:53] [Server thread/INFO]: Cocoa Growth Modifier: 100%
[14:22:53] [Server thread/INFO]: Bamboo Growth Modifier: 100%
[14:22:53] [Server thread/INFO]: SweetBerry Growth Modifier: 100%
[14:22:53] [Server thread/INFO]: Kelp Growth Modifier: 100%
[14:22:53] [Server thread/INFO]: TwistingVines Growth Modifier: 100%
[14:22:53] [Server thread/INFO]: WeepingVines Growth Modifier: 100%
[14:22:53] [Server thread/INFO]: CaveVines Growth Modifier: 100%
[14:22:53] [Server thread/INFO]: Mob Spawn Range: 6
[14:22:53] [Server thread/INFO]: Zombie Aggressive Towards Villager: true
[14:22:53] [Server thread/INFO]: Experience Merge Radius: 3.0
[14:22:53] [Server thread/INFO]: Hopper Transfer: 8 Hopper Check: 1 Hopper Amount: 1 Hopper Can Load Chunks: false
[14:22:53] [Server thread/INFO]: Custom Map Seeds:  Village: 10387312 Desert: 14357617 Igloo: 14357618 Jungle: 14357619 Swamp: 14357620 Monument: 10387313 Ocean: 14357621 Shipwreck: 165745295 End City: 10387313 Slime: 987234911 Nether: 30084232 Mansion: 10387319 Fossil: 14357921 Portal: 34222645
[14:22:53] [Server thread/INFO]: Max TNT Explosions: 100
[14:22:53] [Server thread/INFO]: Tile Max Tick Time: 50ms Entity max Tick Time: 50ms
[14:22:53] [Server thread/INFO]: Entity Tracking Range: Pl 48 / An 48 / Mo 48 / Mi 32 / Di 128 / Other 64
[14:22:53] [Server thread/INFO]: Nerfing mobs spawned from spawners: false
[14:23:00] [Server thread/INFO]: -------- World Settings For [world_the_end] --------
[14:23:00] [Server thread/INFO]: Arrow Despawn Rate: 1200 Trident Respawn Rate:1200
[14:23:00] [Server thread/INFO]: Allow Zombie Pigmen to spawn from portal blocks: true
[14:23:00] [Server thread/INFO]: Entity Activation Range: An 32 / Mo 32 / Ra 48 / Mi 16 / Tiv true / Isa false
[14:23:00] [Server thread/INFO]: Item Merge Radius: 2.5
[14:23:00] [Server thread/INFO]: Item Despawn Rate: 6000
[14:23:00] [Server thread/INFO]: View Distance: 10
[14:23:00] [Server thread/INFO]: Simulation Distance: 10
[14:23:00] [Server thread/INFO]: Cactus Growth Modifier: 100%
[14:23:00] [Server thread/INFO]: Cane Growth Modifier: 100%
[14:23:00] [Server thread/INFO]: Melon Growth Modifier: 100%
[14:23:00] [Server thread/INFO]: Mushroom Growth Modifier: 100%
[14:23:00] [Server thread/INFO]: Pumpkin Growth Modifier: 100%
[14:23:00] [Server thread/INFO]: Sapling Growth Modifier: 100%
[14:23:00] [Server thread/INFO]: Beetroot Growth Modifier: 100%
[14:23:00] [Server thread/INFO]: Carrot Growth Modifier: 100%
[14:23:00] [Server thread/INFO]: Potato Growth Modifier: 100%
[14:23:00] [Server thread/INFO]: Wheat Growth Modifier: 100%
[14:23:00] [Server thread/INFO]: NetherWart Growth Modifier: 100%
[14:23:00] [Server thread/INFO]: Vine Growth Modifier: 100%
[14:23:00] [Server thread/INFO]: Cocoa Growth Modifier: 100%
[14:23:00] [Server thread/INFO]: Bamboo Growth Modifier: 100%
[14:23:00] [Server thread/INFO]: SweetBerry Growth Modifier: 100%
[14:23:00] [Server thread/INFO]: Kelp Growth Modifier: 100%
[14:23:00] [Server thread/INFO]: TwistingVines Growth Modifier: 100%
[14:23:00] [Server thread/INFO]: WeepingVines Growth Modifier: 100%
[14:23:00] [Server thread/INFO]: CaveVines Growth Modifier: 100%
[14:23:00] [Server thread/INFO]: Mob Spawn Range: 6
[14:23:00] [Server thread/INFO]: Zombie Aggressive Towards Villager: true
[14:23:00] [Server thread/INFO]: Experience Merge Radius: 3.0
[14:23:00] [Server thread/INFO]: Hopper Transfer: 8 Hopper Check: 1 Hopper Amount: 1 Hopper Can Load Chunks: false
[14:23:00] [Server thread/INFO]: Custom Map Seeds:  Village: 10387312 Desert: 14357617 Igloo: 14357618 Jungle: 14357619 Swamp: 14357620 Monument: 10387313 Ocean: 14357621 Shipwreck: 165745295 End City: 10387313 Slime: 987234911 Nether: 30084232 Mansion: 10387319 Fossil: 14357921 Portal: 34222645
[14:23:00] [Server thread/INFO]: Max TNT Explosions: 100
[14:23:00] [Server thread/INFO]: Tile Max Tick Time: 50ms Entity max Tick Time: 50ms
[14:23:00] [Server thread/INFO]: Entity Tracking Range: Pl 48 / An 48 / Mo 48 / Mi 32 / Di 128 / Other 64
[14:23:00] [Server thread/INFO]: Nerfing mobs spawned from spawners: false
[14:23:06] [Server thread/INFO]: Preparing start region for dimension minecraft:overworld
[14:23:06] [Worker-Main-7/INFO]: Preparing spawn area: 2%
[14:23:06] [Worker-Main-4/INFO]: Preparing spawn area: 2%
[14:23:07] [Worker-Main-1/INFO]: Preparing spawn area: 2%
[14:23:07] [Worker-Main-4/INFO]: Preparing spawn area: 6%
[14:23:08] [Worker-Main-1/INFO]: Preparing spawn area: 18%
[14:23:08] [Worker-Main-3/INFO]: Preparing spawn area: 18%
[14:23:09] [Worker-Main-1/INFO]: Preparing spawn area: 18%
[14:23:09] [Worker-Main-5/INFO]: Preparing spawn area: 51%
[14:23:10] [Worker-Main-6/INFO]: Preparing spawn area: 51%
[14:23:10] [Worker-Main-7/INFO]: Preparing spawn area: 51%
[14:23:11] [Worker-Main-1/INFO]: Preparing spawn area: 53%
[14:23:11] [Server thread/INFO]: Time elapsed: 5301 ms
[14:23:11] [Server thread/INFO]: Preparing start region for dimension minecraft:the_nether
[14:23:11] [Worker-Main-6/INFO]: Preparing spawn area: 2%
[14:23:11] [Worker-Main-4/INFO]: Preparing spawn area: 2%
[14:23:12] [Worker-Main-3/INFO]: Preparing spawn area: 2%
[14:23:12] [Worker-Main-3/INFO]: Preparing spawn area: 20%
[14:23:13] [Worker-Main-3/INFO]: Preparing spawn area: 51%
[14:23:13] [Server thread/INFO]: Time elapsed: 2242 ms
[14:23:13] [Server thread/INFO]: Preparing start region for dimension minecraft:the_end
[14:23:13] [Worker-Main-5/INFO]: Preparing spawn area: 2%
[14:23:14] [Worker-Main-6/INFO]: Preparing spawn area: 18%
[14:23:14] [Worker-Main-1/INFO]: Preparing spawn area: 83%
[14:23:14] [Server thread/INFO]: Time elapsed: 1008 ms
[14:23:14] [Server thread/INFO]: [Harbor] Enabling Harbor v1.6.3
[14:23:14] [Server thread/INFO]: [Harbor] Essentials not present- registering fallback AFK detection system.
[14:23:14] [Server thread/INFO]: [Geyser-Spigot] Enabling Geyser-Spigot v2.4.0-SNAPSHOT
[14:23:14] [Server thread/INFO]: [Geyser-Spigot] ******************************************
[14:23:14] [Server thread/INFO]: [Geyser-Spigot] 
[14:23:14] [Server thread/INFO]: [Geyser-Spigot] Carregando Geyser versão 2.4.0-b595 (git-master-e0af0a5)
[14:23:14] [Server thread/INFO]: [Geyser-Spigot] 
[14:23:14] [Server thread/INFO]: [Geyser-Spigot] ******************************************
[14:23:25] [Server thread/INFO]: [Geyser-Spigot] Geyser iniciado em 0.0.0.0: 19132
[14:23:25] [Server thread/INFO]: [Geyser-Spigot] Concluído (11,078 s)! Execute /geyser help para obter ajuda!
[14:23:25] [Server thread/INFO]: Done (44.480s)! For help, type "help"
[14:23:25] [Server thread/INFO]: Starting GS4 status listener
[14:23:25] [Server thread/INFO]: Thread Query Listener started
[14:23:25] [Query Listener #1/INFO]: Query running on 192.168.3.58:25565
[14:23:26] [Craft Scheduler Thread - 1/INFO]: [33;1m[[32;22mSkinsRestorer[33;1m] [0;39m[32;1m----------------------------------------------[0;39m[m
[14:23:26] [Craft Scheduler Thread - 1/INFO]: [33;1m[[32;22mSkinsRestorer[33;1m] [0;39m[32;1m    +==================+[0;39m[m
[14:23:26] [Craft Scheduler Thread - 1/INFO]: [33;1m[[32;22mSkinsRestorer[33;1m] [0;39m[32;1m    |   SkinsRestorer  |[0;39m[m
[14:23:26] [Craft Scheduler Thread - 1/INFO]: [33;1m[[32;22mSkinsRestorer[33;1m] [0;39m[32;1m    |------------------|[0;39m[m
[14:23:26] [Craft Scheduler Thread - 1/INFO]: [33;1m[[32;22mSkinsRestorer[33;1m] [0;39m[32;1m    |  [34;1m[4m[21mStandalone Mode[0;39m[32;1m |[0;39m[m
[14:23:26] [Craft Scheduler Thread - 1/INFO]: [33;1m[[32;22mSkinsRestorer[33;1m] [0;39m[32;1m    +==================+[0;39m[m
[14:23:26] [Craft Scheduler Thread - 1/INFO]: [33;1m[[32;22mSkinsRestorer[33;1m] [0;39m[32;1m----------------------------------------------[0;39m[m
[14:23:26] [Craft Scheduler Thread - 1/INFO]: [33;1m[[32;22mSkinsRestorer[33;1m] [0;39m[36;1m    Version: [32;1m15.0.15[0;39m[m
[14:23:26] [Craft Scheduler Thread - 1/INFO]: [33;1m[[32;22mSkinsRestorer[33;1m] [0;39m[36;1m    Commit: [32;1mfcfa8b9[0;39m[m
[14:23:26] [Craft Scheduler Thread - 1/INFO]: [33;1m[[32;22mSkinsRestorer[33;1m] [0;39m[32;1m    This is the latest version![0;39m[m
[14:23:26] [Craft Scheduler Thread - 1/INFO]: [33;1m[[32;22mSkinsRestorer[33;1m] [0;39m[32;1m----------------------------------------------[0;39m[m
[14:23:28] [ForkJoinPool.commonPool-worker-5/INFO]: [Geyser-Spigot] Baixando o Minecraft JAR para extrair os arquivos necessários, aguarde... (isso pode levar algum tempo dependendo da velocidade da sua conexão com a internet)
[14:23:30] [ForkJoinPool.commonPool-worker-5/INFO]: [Geyser-Spigot] O JAR do Minecraft foi baixado e carregado com sucesso!
[14:25:40] [Server thread/INFO]: Stopping the server
[14:25:40] [Server thread/INFO]: Stopping server
[14:25:40] [Server thread/INFO]: [Geyser-Spigot] Disabling Geyser-Spigot v2.4.0-SNAPSHOT
[14:25:40] [Server thread/INFO]: [Geyser-Spigot] Desligando o Geyser.
[14:25:40] [Server thread/INFO]: [Geyser-Spigot] Geyser encerrado com sucesso.
[14:25:40] [Server thread/INFO]: [Harbor] Disabling Harbor v1.6.3
[14:25:40] [Server thread/INFO]: [SkinsRestorer] Disabling SkinsRestorer v15.0.15
[14:25:40] [Server thread/INFO]: Saving players
[14:25:40] [Server thread/INFO]: Saving worlds
[14:25:41] [Server thread/INFO]: Saving chunks for level 'ServerLevel[world]'/minecraft:overworld
[14:25:44] [Server thread/INFO]: Saving chunks for level 'ServerLevel[world_nether]'/minecraft:the_nether
[14:25:44] [Server thread/INFO]: Saving chunks for level 'ServerLevel[world_the_end]'/minecraft:the_end
[14:25:44] [Server thread/INFO]: ThreadedAnvilChunkStorage (world): All chunks are saved
[14:25:44] [Server thread/INFO]: ThreadedAnvilChunkStorage (DIM-1): All chunks are saved
[14:25:44] [Server thread/INFO]: ThreadedAnvilChunkStorage (DIM1): All chunks are saved
[14:25:44] [Server thread/INFO]: ThreadedAnvilChunkStorage: All dimensions are saved
[14:25:46] [Server thread/INFO]: Thread Query Listener stopped
